[2024-02-02 01:28:25,236] 23 root - INFO - data ingestion started
[2024-02-02 01:28:25,506] 26 root - INFO - reading data
[2024-02-02 01:28:27,075] 32 root - INFO - data split completed
[2024-02-02 01:28:28,609] 37 root - INFO - data ingestion completed
[2024-02-02 01:28:28,905] 71 root - INFO - read train and test data complete
[2024-02-02 01:28:28,913] 72 root - INFO - Train Dataframe Head : 
   Unnamed: 0      id  carat        cut color clarity  depth  table     x     y     z  price
0      130858  130858   1.00    Premium     E     SI2   60.6   60.0  6.47  6.41  3.90   4435
1      131239  131239   0.51  Very Good     G     VS1   63.0   55.0  5.06  5.10  3.20   1570
2       65811   65811   0.52  Very Good     F     SI2   62.4   59.0  5.12  5.15  3.20   1187
3      186246  186246   1.01       Good     H     SI1   63.1   59.0  6.40  6.37  4.04   4318
4       70085   70085   1.56      Ideal     I     SI1   62.0   57.0  7.39  7.45  4.59   9932
[2024-02-02 01:28:28,921] 73 root - INFO - Test Dataframe Head : 
   Unnamed: 0     id  carat      cut color clarity  depth  table     x     y     z  price
0       55733  55733   1.50    Ideal     H    VVS2   62.8   55.0  7.25  7.30  4.56  12555
1       86813  86813   1.02  Premium     G     SI2   62.7   59.0  6.39  6.42  4.01   4455
2       71506  71506   0.32    Ideal     F     VS2   62.7   57.0  4.34  4.38  2.73    645
3       31159  31159   0.52    Ideal     H     SI1   62.0   54.0  5.18  5.21  3.22   1270
4       46619  46619   0.63    Ideal     G     VS1   61.8   56.0  5.50  5.54  3.41   2181
[2024-02-02 01:28:28,921] 29 root - INFO - data transformation initiated
[2024-02-02 01:28:28,921] 38 root - INFO - Pipeline Initiated
[2024-02-02 01:28:28,929] 84 root - INFO - Applying preprocessing object on training and testing datasets.
[2024-02-02 01:28:29,254] 93 root - INFO - preprocessing pickle file saved
[2024-02-02 01:28:30,217] 35 root - INFO - Model Report : {'LinearRegression': 0.936302671448916, 'Lasso': 0.9362732013650623, 'Ridge': 0.9363041755202843, 'Elasticnet': 0.8577414859612631}
[2024-02-02 01:28:30,217] 47 root - INFO - Best Model Found , Model Name : Ridge , R2 Score : 0.9363041755202843
