[2024-02-17 09:49:40,832] 23 root - INFO - data ingestion started
[2024-02-17 09:49:41,023] 26 root - INFO - reading data
[2024-02-17 09:49:42,419] 32 root - INFO - data split completed
[2024-02-17 09:49:43,690] 37 root - INFO - data ingestion completed
[2024-02-17 09:49:43,932] 71 root - INFO - read train and test data complete
[2024-02-17 09:49:43,932] 72 root - INFO - Train Dataframe Head : 
   Unnamed: 0     id  carat        cut color clarity  depth  table     x     y     z  price
0        4858   4858   2.01    Premium     G     SI1   61.7   58.0  8.09  7.98  4.98  14224
1       52354  52354   0.30  Very Good     H     SI1   63.2   58.0  4.27  4.23  2.68    554
2       35291  35291   0.41    Premium     G    VVS1   60.5   61.0  4.83  4.79  2.91   1057
3       43617  43617   0.40      Ideal     F     SI1   61.5   57.0  4.72  4.76  2.92    737
4       11688  11688   0.31    Premium     G      IF   61.5   59.0  4.31  4.34  2.66    865
[2024-02-17 09:49:43,948] 73 root - INFO - Test Dataframe Head : 
   Unnamed: 0      id  carat        cut color clarity  depth  table     x     y     z  price
0      149313  149313   1.03      Ideal     G    VVS1   61.5   57.0  6.47  6.52  3.99   8279
1       99027   99027   1.00  Very Good     E     VS2   62.1   59.0  6.34  6.44  3.97   6708
2      192407  192407   0.36      Ideal     I     VS1   61.8   57.0  4.54  4.56  2.81    537
3      107331  107331   0.56  Very Good     G     VS2   62.1   55.0  5.29  5.33  3.29   1698
4       90320   90320   0.51      Ideal     D     VS2   62.4   55.0  5.12  5.09  3.18   1882
[2024-02-17 09:49:43,948] 29 root - INFO - data transformation initiated
[2024-02-17 09:49:43,948] 38 root - INFO - Pipeline Initiated
[2024-02-17 09:49:43,948] 84 root - INFO - Applying preprocessing object on training and testing datasets.
[2024-02-17 09:49:44,223] 93 root - INFO - preprocessing pickle file saved
[2024-02-17 09:49:45,342] 35 root - INFO - Model Report : {'LinearRegression': 0.9369685796965689, 'Lasso': 0.9369751647119413, 'Ridge': 0.9369678610250958, 'Elasticnet': 0.8580464587135734}
[2024-02-17 09:49:45,345] 47 root - INFO - Best Model Found , Model Name : Lasso , R2 Score : 0.9369751647119413
[2024-02-17 09:49:45,345] 13 root - INFO - Model Evaluation initiated
[2024-02-17 09:49:45,345] 19 root - INFO - model loaded Successfully
[2024-02-17 09:49:45,345] 27 root - INFO - Model Evaluation Successfull
