[2024-02-17 09:46:50,632] 23 root - INFO - data ingestion started
[2024-02-17 09:46:50,835] 26 root - INFO - reading data
[2024-02-17 09:46:52,369] 32 root - INFO - data split completed
[2024-02-17 09:46:54,053] 37 root - INFO - data ingestion completed
[2024-02-17 09:46:54,371] 71 root - INFO - read train and test data complete
[2024-02-17 09:46:54,380] 72 root - INFO - Train Dataframe Head : 
   Unnamed: 0      id  carat    cut color clarity  depth  table     x     y     z  price
0      169097  169097   0.32  Ideal     H    VVS1   62.1   55.0  4.41  4.38  2.73    936
1       61323   61323   0.90  Ideal     I     SI1   61.9   56.0  6.18  6.22  3.84   3772
2      160294  160294   0.33  Ideal     I    VVS1   61.9   54.0  4.43  4.46  2.75    571
3      160652  160652   0.37  Ideal     E     VS2   61.5   56.0  4.58  4.65  2.84    811
4       47375   47375   1.29   Good     F     VS1   61.2   61.0  7.01  6.97  4.28  10454
[2024-02-17 09:46:54,393] 73 root - INFO - Test Dataframe Head : 
   Unnamed: 0      id  carat    cut color clarity  depth  table     x     y     z  price
0       79189   79189   0.34  Ideal     I     SI1   61.9   55.0  4.49  4.52  2.79    572
1      136911  136911   0.33  Ideal     G    VVS2   61.7   55.0  4.45  4.48  2.75    754
2       59617   59617   1.60  Ideal     G     VS1   61.3   57.0  7.58  7.62  4.66  15338
3       46509   46509   0.71  Ideal     H     VS2   61.1   56.0  5.82  5.79  3.54   2761
4      189474  189474   0.53  Ideal     D     SI1   61.7   56.0  5.18  5.23  3.22   1604
[2024-02-17 09:46:54,393] 29 root - INFO - data transformation initiated
[2024-02-17 09:46:54,393] 38 root - INFO - Pipeline Initiated
[2024-02-17 09:46:54,403] 84 root - INFO - Applying preprocessing object on training and testing datasets.
[2024-02-17 09:46:54,665] 93 root - INFO - preprocessing pickle file saved
[2024-02-17 09:46:56,151] 35 root - INFO - Model Report : {'LinearRegression': 0.9368121523576632, 'Lasso': 0.9369717648497714, 'Ridge': 0.9368097806257081, 'Elasticnet': 0.8586234743674886}
[2024-02-17 09:46:56,151] 47 root - INFO - Best Model Found , Model Name : Lasso , R2 Score : 0.9369717648497714
[2024-02-17 09:46:56,153] 13 root - INFO - Model Evaluation initiated
[2024-02-17 09:46:56,153] 19 root - INFO - model loaded Successfully
[2024-02-17 09:46:56,155] 27 root - INFO - Model Evaluation Successfull
