[2024-02-17 09:49:01,391] 23 root - INFO - data ingestion started
[2024-02-17 09:49:01,561] 26 root - INFO - reading data
[2024-02-17 09:49:03,250] 32 root - INFO - data split completed
[2024-02-17 09:49:04,635] 37 root - INFO - data ingestion completed
[2024-02-17 09:49:04,888] 71 root - INFO - read train and test data complete
[2024-02-17 09:49:04,903] 72 root - INFO - Train Dataframe Head : 
   Unnamed: 0      id  carat        cut color clarity  depth  table     x     y     z  price
0      150735  150735   0.23  Very Good     E     VS2   59.1   57.0  4.02  4.05  2.39    402
1        5947    5947   0.61      Ideal     E     VS1   61.6   54.7  5.49  5.52  3.39   2606
2       86791   86791   0.71      Ideal     D     SI1   62.4   53.0  5.71  5.75  3.58   3033
3      175979  175979   1.01       Good     D     VS1   63.2   61.0  6.29  6.38  4.00   6066
4       13829   13829   0.32      Ideal     D     VS2   61.8   56.0  4.40  4.42  2.73    758
[2024-02-17 09:49:04,903] 73 root - INFO - Test Dataframe Head : 
   Unnamed: 0      id  carat      cut color clarity  depth  table     x     y     z  price
0      123347  123347   0.71    Ideal     E     SI1   61.1   57.0  5.72  5.75  3.51   2738
1      176338  176338   0.71    Ideal     G     VS2   62.7   57.0  5.68  5.65  3.55   2587
2        5380    5380   1.01  Premium     G     VS1   62.4   58.0  6.39  6.34  3.98   6001
3         307     307   0.72    Ideal     H     VS2   62.1   55.0  5.72  5.74  3.56   2949
4       92718   92718   1.20  Premium     I     VS2   61.1   59.0  6.82  6.84  4.18   5592
[2024-02-17 09:49:04,903] 29 root - INFO - data transformation initiated
[2024-02-17 09:49:04,903] 38 root - INFO - Pipeline Initiated
[2024-02-17 09:49:04,919] 84 root - INFO - Applying preprocessing object on training and testing datasets.
[2024-02-17 09:49:05,200] 93 root - INFO - preprocessing pickle file saved
[2024-02-17 09:49:06,426] 35 root - INFO - Model Report : {'LinearRegression': 0.9352515328010372, 'Lasso': 0.935267043712454, 'Ridge': 0.9352515288918415, 'Elasticnet': 0.8592658637697465}
[2024-02-17 09:49:06,426] 47 root - INFO - Best Model Found , Model Name : Lasso , R2 Score : 0.935267043712454
[2024-02-17 09:49:06,434] 13 root - INFO - Model Evaluation initiated
[2024-02-17 09:49:06,434] 19 root - INFO - model loaded Successfully
[2024-02-17 09:49:06,434] 27 root - INFO - Model Evaluation Successfull
