[2024-02-17 10:29:46,146] 23 root - INFO - data ingestion started
[2024-02-17 10:29:46,346] 26 root - INFO - reading data
[2024-02-17 10:29:47,446] 32 root - INFO - data split completed
[2024-02-17 10:29:48,314] 37 root - INFO - data ingestion completed
[2024-02-17 10:29:48,463] 71 root - INFO - read train and test data complete
[2024-02-17 10:29:48,463] 72 root - INFO - Train Dataframe Head : 
   Unnamed: 0      id  carat        cut color clarity  depth  table     x     y     z  price
0      160819  160819   1.02    Premium     G     SI2   62.4   59.0  6.46  6.41  4.00   4540
1        6037    6037   0.30      Ideal     D    VVS2   61.4   55.0  4.28  4.33  2.64    769
2       62568   62568   0.50      Ideal     E     SI1   61.9   57.0  5.08  5.11  3.15   1436
3       49828   49828   0.40  Very Good     E     SI2   63.4   54.0  4.73  4.69  2.98    629
4         718     718   0.34      Ideal     I     SI1   61.4   55.0  4.55  4.51  2.78    574
[2024-02-17 10:29:48,482] 73 root - INFO - Test Dataframe Head : 
   Unnamed: 0      id  carat        cut color clarity  depth  table     x     y     z  price
0      103028  103028   0.52  Very Good     E     SI1   62.5   60.0  5.12  5.16  3.21   1559
1       51457   51457   2.01    Premium     H     SI1   62.2   60.0  8.04  7.96  4.96  17672
2       41121   41121   1.01    Premium     F     SI1   62.5   58.0  6.41  6.36  3.99   4997
3      144603  144603   1.22      Ideal     E    VVS1   61.8   56.0  6.82  6.85  4.23  13542
4      149502  149502   0.51      Ideal     G     SI1   61.3   57.0  5.15  5.21  3.17   1336
[2024-02-17 10:29:48,482] 29 root - INFO - data transformation initiated
[2024-02-17 10:29:48,482] 38 root - INFO - Pipeline Initiated
[2024-02-17 10:29:48,482] 84 root - INFO - Applying preprocessing object on training and testing datasets.
[2024-02-17 10:29:48,647] 93 root - INFO - preprocessing pickle file saved
[2024-02-17 10:29:49,346] 35 root - INFO - Model Report : {'LinearRegression': 0.9379147827902553, 'Lasso': 0.937886412711034, 'Ridge': 0.9379137797568935, 'Elasticnet': 0.8581693219643118}
[2024-02-17 10:29:49,347] 47 root - INFO - Best Model Found , Model Name : LinearRegression , R2 Score : 0.9379147827902553
[2024-02-17 10:29:49,347] 15 root - INFO - Model Evaluation initiated
[2024-02-17 10:29:49,347] 29 root - INFO - model loaded Successfully
[2024-02-17 10:29:53,863] 49 root - INFO - Model Evaluation Successfull
