[2024-02-17 10:23:33,994] 23 root - INFO - data ingestion started
[2024-02-17 10:23:34,222] 26 root - INFO - reading data
[2024-02-17 10:23:35,900] 32 root - INFO - data split completed
[2024-02-17 10:23:37,077] 37 root - INFO - data ingestion completed
[2024-02-17 10:23:37,237] 71 root - INFO - read train and test data complete
[2024-02-17 10:23:37,245] 72 root - INFO - Train Dataframe Head : 
   Unnamed: 0      id  carat      cut color clarity  depth  table     x     y     z  price
0       88954   88954   0.70  Premium     D     SI2   59.2   60.0  5.72  5.80  3.41   2017
1      141303  141303   0.70  Premium     G     VS1   61.4   59.0  5.68  5.77  3.52   2512
2       42935   42935   0.70  Premium     G     VS1   60.0   59.0  5.79  5.75  3.47   2535
3      150966  150966   0.35  Premium     E     VS2   61.7   59.0  4.56  4.51  2.79    767
4       45286   45286   1.70    Ideal     H     VS2   62.4   54.0  7.63  7.59  4.74  12738
[2024-02-17 10:23:37,254] 73 root - INFO - Test Dataframe Head : 
   Unnamed: 0      id  carat      cut color clarity  depth  table     x     y     z  price
0       61454   61454   0.52    Ideal     H     SI1   61.5   56.0  5.21  5.19  3.20   1280
1       55980   55980   0.70  Premium     F     SI1   60.5   59.0  5.70  5.77  3.46   2738
2       31816   31816   2.01  Premium     G     SI1   62.1   57.0  8.03  7.94  4.94  12626
3      109501  109501   0.70    Ideal     F     VS2   60.7   56.0  5.76  5.79  3.51   2985
4       69055   69055   0.42    Ideal     G     VS2   61.8   55.0  4.84  4.79  2.98   1087
[2024-02-17 10:23:37,254] 29 root - INFO - data transformation initiated
[2024-02-17 10:23:37,254] 38 root - INFO - Pipeline Initiated
[2024-02-17 10:23:37,261] 84 root - INFO - Applying preprocessing object on training and testing datasets.
[2024-02-17 10:23:37,438] 93 root - INFO - preprocessing pickle file saved
[2024-02-17 10:23:38,175] 35 root - INFO - Model Report : {'LinearRegression': 0.9369226299937292, 'Lasso': 0.9369254186554598, 'Ridge': 0.9369222880600029, 'Elasticnet': 0.8583447229621366}
[2024-02-17 10:23:38,175] 47 root - INFO - Best Model Found , Model Name : Lasso , R2 Score : 0.9369254186554598
[2024-02-17 10:23:38,177] 15 root - INFO - Model Evaluation initiated
[2024-02-17 10:23:38,177] 29 root - INFO - model loaded Successfully
[2024-02-17 10:23:42,855] 49 root - INFO - Model Evaluation Successfull
